#
# There is insufficient memory for the Java Runtime Environment to continue.
# Native memory allocation (malloc) failed to allocate 32744 bytes for ChunkPool::allocate
# Possible reasons:
#   The system is out of physical RAM or swap space
#   The process is running with CompressedOops enabled, and the Java Heap may be blocking the growth of the native heap
# Possible solutions:
#   Reduce memory load on the system
#   Increase physical memory or swap space
#   Check if swap backing store is full
#   Decrease Java heap size (-Xmx/-Xms)
#   Decrease number of Java threads
#   Decrease Java thread stack sizes (-Xss)
#   Set larger code cache with -XX:ReservedCodeCacheSize=
#   JVM is running with Unscaled Compressed Oops mode in which the Java heap is
#     placed in the first 4GB address space. The Java Heap base address is the
#     maximum limit for the native heap growth. Please use -XX:HeapBaseMinAddress
#     to set the Java Heap base and to place the Java Heap above 4GB virtual address.
# This output file may be truncated or incomplete.
#
#  Out of Memory Error (allocation.cpp:272), pid=5004, tid=0x0000000000003e40
#
# JRE version: OpenJDK Runtime Environment (8.0_242-b01) (build 1.8.0_242-release-1644-b01)
# Java VM: OpenJDK 64-Bit Server VM (25.242-b01 mixed mode windows-amd64 compressed oops)
# Failed to write core dump. Minidumps are not enabled by default on client versions of Windows
#

---------------  T H R E A D  ---------------

Current thread (0x0000000015ffa000):  JavaThread "C2 CompilerThread1" daemon [_thread_in_native, id=15936, stack(0x0000000017750000,0x0000000017850000)]

Stack: [0x0000000017750000,0x0000000017850000]
[error occurred during error reporting (printing stack bounds), id 0xc0000005]

Native frames: (J=compiled Java code, j=interpreted, Vv=VM code, C=native code)


Current CompileTask:
C2:   4770 1456       4       java.net.URLClassLoader$1::run (5 bytes)


---------------  P R O C E S S  ---------------

Java Threads: ( => current thread )
  0x0000000019309800 JavaThread "Cache worker for journal cache (C:\Users\APOLLO\.gradle\caches\journal-1)" [_thread_blocked, id=5940, stack(0x000000001cc40000,0x000000001cd40000)]
  0x000000001930d800 JavaThread "Cache worker for file hash cache (D:\Mpos_Souurce_code_24_12_2020\Mpos_source_code_app\newChangesApolloPharmacist\.gradle\4.10.1\fileHashes)" [_thread_blocked, id=7136, stack(0x000000001bb70000,0x000000001bc70000)]
  0x0000000019627000 JavaThread "File lock request listener" [_thread_in_native, id=17052, stack(0x000000001aaa0000,0x000000001aba0000)]
  0x0000000019149800 JavaThread "Cache worker for file hash cache (C:\Users\APOLLO\.gradle\caches\4.10.1\fileHashes)" [_thread_blocked, id=11204, stack(0x000000001a9a0000,0x000000001aaa0000)]
  0x0000000017bec000 JavaThread "Stdin handler" [_thread_blocked, id=15380, stack(0x000000001a6a0000,0x000000001a7a0000)]
  0x00000000194f5000 JavaThread "Asynchronous log dispatcher for DefaultDaemonConnection: socket connection from /127.0.0.1:52232 to /127.0.0.1:52233" [_thread_blocked, id=15996, stack(0x000000001a5a0000,0x000000001a6a0000)]
  0x00000000194f4000 JavaThread "Daemon worker" [_thread_in_vm, id=16984, stack(0x000000001a4a0000,0x000000001a5a0000)]
  0x00000000194f3800 JavaThread "Cancel handler" [_thread_blocked, id=3796, stack(0x000000001a3a0000,0x000000001a4a0000)]
  0x00000000180e8800 JavaThread "Handler for socket connection from /127.0.0.1:52232 to /127.0.0.1:52233" [_thread_in_native, id=1068, stack(0x000000001a0a0000,0x000000001a1a0000)]
  0x0000000019068800 JavaThread "Daemon" [_thread_blocked, id=7052, stack(0x0000000019fa0000,0x000000001a0a0000)]
  0x0000000017a16800 JavaThread "Daemon periodic checks" [_thread_blocked, id=16128, stack(0x0000000019ea0000,0x0000000019fa0000)]
  0x000000001817e000 JavaThread "Incoming local TCP Connector on port 52232" [_thread_in_native, id=316, stack(0x0000000019c60000,0x0000000019d60000)]
  0x000000001604d000 JavaThread "Service Thread" daemon [_thread_blocked, id=14872, stack(0x0000000017d50000,0x0000000017e50000)]
  0x0000000016027000 JavaThread "C1 CompilerThread2" daemon [_thread_blocked, id=15364, stack(0x0000000017850000,0x0000000017950000)]
=>0x0000000015ffa000 JavaThread "C2 CompilerThread1" daemon [_thread_in_native, id=15936, stack(0x0000000017750000,0x0000000017850000)]
  0x0000000015ff5000 JavaThread "C2 CompilerThread0" daemon [_thread_in_native, id=6772, stack(0x0000000017650000,0x0000000017750000)]
  0x0000000015ff4000 JavaThread "Attach Listener" daemon [_thread_blocked, id=7492, stack(0x0000000017550000,0x0000000017650000)]
  0x0000000015ff3000 JavaThread "Signal Dispatcher" daemon [_thread_blocked, id=16920, stack(0x0000000017450000,0x0000000017550000)]
  0x000000000264c800 JavaThread "Finalizer" daemon [_thread_blocked, id=13204, stack(0x0000000017240000,0x0000000017340000)]
  0x0000000015fd9000 JavaThread "Reference Handler" daemon [_thread_blocked, id=7808, stack(0x0000000017140000,0x0000000017240000)]
  0x000000000253e800 JavaThread "main" [_thread_blocked, id=268, stack(0x0000000002420000,0x0000000002520000)]

Other Threads:
  0x0000000015fb7000 VMThread [stack: 0x0000000017040000,0x0000000017140000] [id=12024]
  0x000000001604e000 WatcherThread [stack: 0x0000000017e50000,0x0000000017f50000] [id=12348]

VM state:not at safepoint (normal execution)

VM Mutex/Monitor currently owned by a thread: None

heap address: 0x00000000a0000000, size: 1536 MB, Compressed Oops mode: 32-bit
Narrow klass base: 0x0000000000000000, Narrow klass shift: 3
Compressed class space size: 1073741824 Address: 0x0000000100000000

Heap:
 PSYoungGen      total 38400K, used 25716K [0x00000000e0000000, 0x00000000e4b00000, 0x0000000100000000)
  eden space 33280K, 61% used [0x00000000e0000000,0x00000000e1421318,0x00000000e2080000)
  from space 5120K, 99% used [0x00000000e2580000,0x00000000e2a7c010,0x00000000e2a80000)
  to   space 5120K, 0% used [0x00000000e2080000,0x00000000e2080000,0x00000000e2580000)
 ParOldGen       total 87552K, used 5172K [0x00000000a0000000, 0x00000000a5580000, 0x00000000e0000000)
  object space 87552K, 5% used [0x00000000a0000000,0x00000000a050d010,0x00000000a5580000)
 Metaspace       used 18580K, capacity 19008K, committed 19328K, reserved 1064960K
  class space    used 2672K, capacity 2858K, committed 2944K, reserved 1048576K

Card table byte_map: [0x0000000011a20000,0x0000000011d30000] byte_map_base: 0x0000000011520000

Marking Bits: (ParMarkBitMap*) 0x0000000071cdf030
 Begin Bits: [0x0000000012330000, 0x0000000013b30000)
 End Bits:   [0x0000000013b30000, 0x0000000015330000)

Polling page: 0x0000000000820000

CodeCache: size=245760Kb used=5631Kb max_used=5631Kb free=240128Kb
 bounds [0x0000000002660000, 0x0000000002bf0000, 0x0000000011660000]
 total_blobs=2082 nmethods=1676 adapters=319
 compilation: enabled

Compilation events (10 events):
Event: 4.750 Thread 0x0000000016027000 1680       3       org.objectweb.asm.MethodWriter::visitVarInsn (302 bytes)
Event: 4.751 Thread 0x0000000016027000 nmethod 1680 0x0000000002bde550 code [0x0000000002bde760, 0x0000000002bdf328]
Event: 4.751 Thread 0x0000000016027000 1679       1       org.gradle.api.internal.AbstractClassGenerator$PropertyMetaData::getName (5 bytes)
Event: 4.752 Thread 0x0000000016027000 nmethod 1679 0x0000000002bdf690 code [0x0000000002bdf7e0, 0x0000000002bdf8f0]
Event: 4.752 Thread 0x0000000016027000 1684       3       java.util.LinkedList::unlink (91 bytes)
Event: 4.752 Thread 0x0000000016027000 nmethod 1684 0x0000000002bdf950 code [0x0000000002bdfac0, 0x0000000002bdfd90]
Event: 4.756 Thread 0x0000000016027000 1685       3       java.util.regex.Pattern$GroupTail::match (111 bytes)
Event: 4.757 Thread 0x0000000016027000 nmethod 1685 0x0000000002bdfe90 code [0x0000000002be0020, 0x0000000002be03e8]
Event: 4.757 Thread 0x0000000016027000 1686       3       org.gradle.internal.service.DefaultServiceRegistry::isSatisfiedBy (44 bytes)
Event: 4.757 Thread 0x0000000016027000 nmethod 1686 0x0000000002be06d0 code [0x0000000002be0880, 0x0000000002be0fc8]

GC Heap History (8 events):
Event: 1.299 GC heap before
{Heap before GC invocations=1 (full 0):
 PSYoungGen      total 38400K, used 33280K [0x00000000e0000000, 0x00000000e2a80000, 0x0000000100000000)
  eden space 33280K, 100% used [0x00000000e0000000,0x00000000e2080000,0x00000000e2080000)
  from space 5120K, 0% used [0x00000000e2580000,0x00000000e2580000,0x00000000e2a80000)
  to   space 5120K, 0% used [0x00000000e2080000,0x00000000e2080000,0x00000000e2580000)
 ParOldGen       total 87552K, used 0K [0x00000000a0000000, 0x00000000a5580000, 0x00000000e0000000)
  object space 87552K, 0% used [0x00000000a0000000,0x00000000a0000000,0x00000000a5580000)
 Metaspace       used 6962K, capacity 7120K, committed 7424K, reserved 1056768K
  class space    used 846K, capacity 908K, committed 1024K, reserved 1048576K
Event: 1.306 GC heap after
Heap after GC invocations=1 (full 0):
 PSYoungGen      total 38400K, used 4074K [0x00000000e0000000, 0x00000000e2a80000, 0x0000000100000000)
  eden space 33280K, 0% used [0x00000000e0000000,0x00000000e0000000,0x00000000e2080000)
  from space 5120K, 79% used [0x00000000e2080000,0x00000000e247aa50,0x00000000e2580000)
  to   space 5120K, 0% used [0x00000000e2580000,0x00000000e2580000,0x00000000e2a80000)
 ParOldGen       total 87552K, used 8K [0x00000000a0000000, 0x00000000a5580000, 0x00000000e0000000)
  object space 87552K, 0% used [0x00000000a0000000,0x00000000a0002000,0x00000000a5580000)
 Metaspace       used 6962K, capacity 7120K, committed 7424K, reserved 1056768K
  class space    used 846K, capacity 908K, committed 1024K, reserved 1048576K
}
Event: 1.982 GC heap before
{Heap before GC invocations=2 (full 0):
 PSYoungGen      total 38400K, used 37354K [0x00000000e0000000, 0x00000000e2a80000, 0x0000000100000000)
  eden space 33280K, 100% used [0x00000000e0000000,0x00000000e2080000,0x00000000e2080000)
  from space 5120K, 79% used [0x00000000e2080000,0x00000000e247aa50,0x00000000e2580000)
  to   space 5120K, 0% used [0x00000000e2580000,0x00000000e2580000,0x00000000e2a80000)
 ParOldGen       total 87552K, used 8K [0x00000000a0000000, 0x00000000a5580000, 0x00000000e0000000)
  object space 87552K, 0% used [0x00000000a0000000,0x00000000a0002000,0x00000000a5580000)
 Metaspace       used 9192K, capacity 9470K, committed 9600K, reserved 1056768K
  class space    used 1215K, capacity 1325K, committed 1408K, reserved 1048576K
Event: 1.989 GC heap after
Heap after GC invocations=2 (full 0):
 PSYoungGen      total 38400K, used 4723K [0x00000000e0000000, 0x00000000e2a80000, 0x0000000100000000)
  eden space 33280K, 0% used [0x00000000e0000000,0x00000000e0000000,0x00000000e2080000)
  from space 5120K, 92% used [0x00000000e2580000,0x00000000e2a1cd50,0x00000000e2a80000)
  to   space 5120K, 0% used [0x00000000e2080000,0x00000000e2080000,0x00000000e2580000)
 ParOldGen       total 87552K, used 16K [0x00000000a0000000, 0x00000000a5580000, 0x00000000e0000000)
  object space 87552K, 0% used [0x00000000a0000000,0x00000000a0004000,0x00000000a5580000)
 Metaspace       used 9192K, capacity 9470K, committed 9600K, reserved 1056768K
  class space    used 1215K, capacity 1325K, committed 1408K, reserved 1048576K
}
Event: 3.847 GC heap before
{Heap before GC invocations=3 (full 0):
 PSYoungGen      total 38400K, used 38003K [0x00000000e0000000, 0x00000000e2a80000, 0x0000000100000000)
  eden space 33280K, 100% used [0x00000000e0000000,0x00000000e2080000,0x00000000e2080000)
  from space 5120K, 92% used [0x00000000e2580000,0x00000000e2a1cd50,0x00000000e2a80000)
  to   space 5120K, 0% used [0x00000000e2080000,0x00000000e2080000,0x00000000e2580000)
 ParOldGen       total 87552K, used 16K [0x00000000a0000000, 0x00000000a5580000, 0x00000000e0000000)
  object space 87552K, 0% used [0x00000000a0000000,0x00000000a0004000,0x00000000a5580000)
 Metaspace       used 13597K, capacity 13886K, committed 14080K, reserved 1060864K
  class space    used 1902K, capacity 2031K, committed 2048K, reserved 1048576K
Event: 3.857 GC heap after
Heap after GC invocations=3 (full 0):
 PSYoungGen      total 38400K, used 5104K [0x00000000e0000000, 0x00000000e2a80000, 0x0000000100000000)
  eden space 33280K, 0% used [0x00000000e0000000,0x00000000e0000000,0x00000000e2080000)
  from space 5120K, 99% used [0x00000000e2080000,0x00000000e257c000,0x00000000e2580000)
  to   space 5120K, 0% used [0x00000000e2580000,0x00000000e2580000,0x00000000e2a80000)
 ParOldGen       total 87552K, used 2110K [0x00000000a0000000, 0x00000000a5580000, 0x00000000e0000000)
  object space 87552K, 2% used [0x00000000a0000000,0x00000000a020fa60,0x00000000a5580000)
 Metaspace       used 13597K, capacity 13886K, committed 14080K, reserved 1060864K
  class space    used 1902K, capacity 2031K, committed 2048K, reserved 1048576K
}
Event: 4.322 GC heap before
{Heap before GC invocations=4 (full 0):
 PSYoungGen      total 38400K, used 38384K [0x00000000e0000000, 0x00000000e2a80000, 0x0000000100000000)
  eden space 33280K, 100% used [0x00000000e0000000,0x00000000e2080000,0x00000000e2080000)
  from space 5120K, 99% used [0x00000000e2080000,0x00000000e257c000,0x00000000e2580000)
  to   space 5120K, 0% used [0x00000000e2580000,0x00000000e2580000,0x00000000e2a80000)
 ParOldGen       total 87552K, used 2110K [0x00000000a0000000, 0x00000000a5580000, 0x00000000e0000000)
  object space 87552K, 2% used [0x00000000a0000000,0x00000000a020fa60,0x00000000a5580000)
 Metaspace       used 16487K, capacity 16812K, committed 16896K, reserved 1062912K
  class space    used 2369K, capacity 2520K, committed 2560K, reserved 1048576K
Event: 4.335 GC heap after
Heap after GC invocations=4 (full 0):
 PSYoungGen      total 38400K, used 5104K [0x00000000e0000000, 0x00000000e4b00000, 0x0000000100000000)
  eden space 33280K, 0% used [0x00000000e0000000,0x00000000e0000000,0x00000000e2080000)
  from space 5120K, 99% used [0x00000000e2580000,0x00000000e2a7c010,0x00000000e2a80000)
  to   space 5120K, 0% used [0x00000000e2080000,0x00000000e2080000,0x00000000e2580000)
 ParOldGen       total 87552K, used 5172K [0x00000000a0000000, 0x00000000a5580000, 0x00000000e0000000)
  object space 87552K, 5% used [0x00000000a0000000,0x00000000a050d010,0x00000000a5580000)
 Metaspace       used 16487K, capacity 16812K, committed 16896K, reserved 1062912K
  class space    used 2369K, capacity 2520K, committed 2560K, reserved 1048576K
}

Deoptimization events (10 events):
Event: 3.929 Thread 0x00000000194f4000 Uncommon trap: reason=class_check action=maybe_recompile pc=0x00000000028ff95c method=java.util.regex.Matcher.match(II)Z @ 86
Event: 4.029 Thread 0x00000000194f4000 Uncommon trap: reason=unstable_if action=reinterpret pc=0x0000000002abf3f4 method=java.lang.String.lastIndexOf([CII[CIII)I @ 66
Event: 4.175 Thread 0x00000000194f4000 Uncommon trap: reason=unstable_if action=reinterpret pc=0x0000000002b101dc method=java.util.jar.JarFile.maybeInstantiateVerifier()V @ 21
Event: 4.426 Thread 0x00000000194f4000 Uncommon trap: reason=unstable_if action=reinterpret pc=0x00000000027bfac8 method=java.net.URI.match(CJJ)Z @ 19
Event: 4.426 Thread 0x00000000194f4000 Uncommon trap: reason=unstable_if action=reinterpret pc=0x00000000028c7fc0 method=java.net.URI.match(CJJ)Z @ 19
Event: 4.481 Thread 0x00000000194f4000 Uncommon trap: reason=unstable_if action=reinterpret pc=0x000000000293d518 method=java.io.File.getName()Ljava/lang/String; @ 16
Event: 4.599 Thread 0x00000000194f4000 Uncommon trap: reason=bimorphic action=maybe_recompile pc=0x0000000002b09278 method=java.lang.ClassLoader.loadClass(Ljava/lang/String;Z)Ljava/lang/Class; @ 38
Event: 4.608 Thread 0x00000000194f4000 Uncommon trap: reason=bimorphic action=maybe_recompile pc=0x0000000002b09278 method=java.lang.ClassLoader.loadClass(Ljava/lang/String;Z)Ljava/lang/Class; @ 38
Event: 4.609 Thread 0x00000000194f4000 Uncommon trap: reason=bimorphic action=maybe_recompile pc=0x0000000002b09278 method=java.lang.ClassLoader.loadClass(Ljava/lang/String;Z)Ljava/lang/Class; @ 38
Event: 4.610 Thread 0x00000000194f4000 Uncommon trap: reason=bimorphic action=maybe_recompile pc=0x0000000002b09278 method=java.lang.ClassLoader.loadClass(Ljava/lang/String;Z)Ljava/lang/Class; @ 38

Classes redefined (0 events):
No events

Internal exceptions (10 events):
Event: 4.175 Thread 0x00000000194f4000 Implicit null exception at 0x0000000002b0fdfb to 0x0000000002b101cd
Event: 4.615 Thread 0x00000000194f4000 Exception <a 'java/lang/NoSuchMethodError': <clinit>> (0x00000000e0e52520) thrown at [C:\src\AOSP-openjdk-git\hotspot\src\share\vm\prims\jni.cpp, line 1615]
Event: 4.650 Thread 0x00000000194f4000 Exception <a 'java/lang/NoSuchMethodError': <clinit>> (0x00000000e0eb1118) thrown at [C:\src\AOSP-openjdk-git\hotspot\src\share\vm\prims\jni.cpp, line 1615]
Event: 4.655 Thread 0x00000000194f4000 Exception <a 'java/lang/NoSuchMethodError': <clinit>> (0x00000000e0ebf068) thrown at [C:\src\AOSP-openjdk-git\hotspot\src\share\vm\prims\jni.cpp, line 1615]
Event: 4.685 Thread 0x00000000194f4000 Exception <a 'java/lang/NoSuchMethodError': <clinit>> (0x00000000e0fcedb8) thrown at [C:\src\AOSP-openjdk-git\hotspot\src\share\vm\prims\jni.cpp, line 1615]
Event: 4.685 Thread 0x00000000194f4000 Exception <a 'java/lang/NoSuchMethodError': <clinit>> (0x00000000e0fd2c78) thrown at [C:\src\AOSP-openjdk-git\hotspot\src\share\vm\prims\jni.cpp, line 1615]
Event: 4.685 Thread 0x00000000194f4000 Exception <a 'java/lang/NoSuchMethodError': <clinit>> (0x00000000e0fd43c8) thrown at [C:\src\AOSP-openjdk-git\hotspot\src\share\vm\prims\jni.cpp, line 1615]
Event: 4.686 Thread 0x00000000194f4000 Exception <a 'java/lang/NoSuchMethodError': <clinit>> (0x00000000e0fd5878) thrown at [C:\src\AOSP-openjdk-git\hotspot\src\share\vm\prims\jni.cpp, line 1615]
Event: 4.686 Thread 0x00000000194f4000 Exception <a 'java/lang/NoSuchMethodError': <clinit>> (0x00000000e0fd6f78) thrown at [C:\src\AOSP-openjdk-git\hotspot\src\share\vm\prims\jni.cpp, line 1615]
Event: 4.686 Thread 0x00000000194f4000 Exception <a 'java/lang/NoSuchMethodError': <clinit>> (0x00000000e0fd8528) thrown at [C:\src\AOSP-openjdk-git\hotspot\src\share\vm\prims\jni.cpp, line 1615]

Events (10 events):
Event: 4.762 loading class org/gradle/internal/metaobject/BeanDynamicObject$GroovyObjectAdapter done
Event: 4.762 loading class groovy/lang/MetaClassImpl
Event: 4.762 loading class groovy/lang/MetaClassImpl done
Event: 4.765 loading class groovy/lang/MutableMetaClass
Event: 4.765 loading class groovy/lang/MutableMetaClass done
Event: 4.767 loading class groovy/lang/MetaClassImpl$Index
Event: 4.767 loading class groovy/lang/MetaClassImpl$Index done
Event: 4.768 loading class org/codehaus/groovy/util/SingleKeyHashMap
Event: 4.768 loading class org/codehaus/groovy/util/SingleKeyHashMap done
Event: 4.769 loading class org/codehaus/groovy/util/ComplexKeyHashMap


Dynamic libraries:
0x00007ff68ca30000 - 0x00007ff68ca61000 	C:\Program Files\Android\Android Studio1\jre\bin\java.exe
0x00007fff73580000 - 0x00007fff73770000 	C:\WINDOWS\SYSTEM32\ntdll.dll
0x00007fff73090000 - 0x00007fff73142000 	C:\WINDOWS\System32\KERNEL32.DLL
0x00007fff70960000 - 0x00007fff70c05000 	C:\WINDOWS\System32\KERNELBASE.dll
0x00007fff717d0000 - 0x00007fff71873000 	C:\WINDOWS\System32\ADVAPI32.dll
0x00007fff719e0000 - 0x00007fff71a7e000 	C:\WINDOWS\System32\msvcrt.dll
0x00007fff72b80000 - 0x00007fff72c17000 	C:\WINDOWS\System32\sechost.dll
0x00007fff71640000 - 0x00007fff71760000 	C:\WINDOWS\System32\RPCRT4.dll
0x00007fff729e0000 - 0x00007fff72b74000 	C:\WINDOWS\System32\USER32.dll
0x00007fff70540000 - 0x00007fff70561000 	C:\WINDOWS\System32\win32u.dll
0x00007fff72470000 - 0x00007fff72496000 	C:\WINDOWS\System32\GDI32.dll
0x00007fff70570000 - 0x00007fff70706000 	C:\WINDOWS\System32\gdi32full.dll
0x00007fff708c0000 - 0x00007fff7095e000 	C:\WINDOWS\System32\msvcp_win.dll
0x00007fff70710000 - 0x00007fff7080a000 	C:\WINDOWS\System32\ucrtbase.dll
0x00007fff6f1c0000 - 0x00007fff6f444000 	C:\WINDOWS\WinSxS\amd64_microsoft.windows.common-controls_6595b64144ccf1df_6.0.18362.1256_none_9e7e379be45e40e2\COMCTL32.dll
0x00007fff73150000 - 0x00007fff73486000 	C:\WINDOWS\System32\combase.dll
0x00007fff70830000 - 0x00007fff708b1000 	C:\WINDOWS\System32\bcryptPrimitives.dll
0x00007fff729b0000 - 0x00007fff729de000 	C:\WINDOWS\System32\IMM32.DLL
0x00000000727d0000 - 0x00000000728a2000 	C:\Program Files\Android\Android Studio1\jre\jre\bin\msvcr100.dll
0x0000000071510000 - 0x0000000071d5b000 	C:\Program Files\Android\Android Studio1\jre\jre\bin\server\jvm.dll
0x00007fff71760000 - 0x00007fff71768000 	C:\WINDOWS\System32\PSAPI.DLL
0x00007fff5f900000 - 0x00007fff5f90a000 	C:\WINDOWS\SYSTEM32\VERSION.dll
0x00007fff6c1e0000 - 0x00007fff6c204000 	C:\WINDOWS\SYSTEM32\WINMM.dll
0x00007fff6c1b0000 - 0x00007fff6c1dd000 	C:\WINDOWS\SYSTEM32\WINMMBASE.dll
0x00007fff704f0000 - 0x00007fff7053a000 	C:\WINDOWS\System32\cfgmgr32.dll
0x00007fff6e740000 - 0x00007fff6e749000 	C:\WINDOWS\SYSTEM32\WSOCK32.dll
0x00007fff71a80000 - 0x00007fff71aef000 	C:\WINDOWS\System32\ws2_32.DLL
0x00007fff6e620000 - 0x00007fff6e62f000 	C:\Program Files\Android\Android Studio1\jre\jre\bin\verify.dll
0x00007fff6e550000 - 0x00007fff6e579000 	C:\Program Files\Android\Android Studio1\jre\jre\bin\java.dll
0x00007fff6e4a0000 - 0x00007fff6e4b6000 	C:\Program Files\Android\Android Studio1\jre\jre\bin\zip.dll
0x00007fff71d80000 - 0x00007fff72467000 	C:\WINDOWS\System32\SHELL32.dll
0x00007fff725e0000 - 0x00007fff72689000 	C:\WINDOWS\System32\shcore.dll
0x00007fff70c10000 - 0x00007fff71391000 	C:\WINDOWS\System32\windows.storage.dll
0x00007fff704c0000 - 0x00007fff704e3000 	C:\WINDOWS\System32\profapi.dll
0x00007fff70450000 - 0x00007fff7049a000 	C:\WINDOWS\System32\powrprof.dll
0x00007fff70420000 - 0x00007fff70430000 	C:\WINDOWS\System32\UMPDC.dll
0x00007fff727d0000 - 0x00007fff72822000 	C:\WINDOWS\System32\shlwapi.dll
0x00007fff70430000 - 0x00007fff70441000 	C:\WINDOWS\System32\kernel.appcore.dll
0x00007fff70810000 - 0x00007fff70827000 	C:\WINDOWS\System32\cryptsp.dll
0x00007fff6e160000 - 0x00007fff6e17a000 	C:\Program Files\Android\Android Studio1\jre\jre\bin\net.dll
0x00007fff6f840000 - 0x00007fff6f8a7000 	C:\WINDOWS\system32\mswsock.dll
0x00007fff6d7d0000 - 0x00007fff6d7e3000 	C:\Program Files\Android\Android Studio1\jre\jre\bin\nio.dll
0x00007fff6e4d0000 - 0x00007fff6e4ee000 	C:\Users\APOLLO\.gradle\native\25\windows-amd64\native-platform.dll
0x00007fff6e530000 - 0x00007fff6e53d000 	C:\Program Files\Android\Android Studio1\jre\jre\bin\management.dll
0x00007fff6f120000 - 0x00007fff6f153000 	C:\WINDOWS\system32\rsaenh.dll
0x00007fff71600000 - 0x00007fff71626000 	C:\WINDOWS\System32\bcrypt.dll
0x00007fff70340000 - 0x00007fff70365000 	C:\WINDOWS\SYSTEM32\USERENV.dll
0x00007fff6fa10000 - 0x00007fff6fa1c000 	C:\WINDOWS\SYSTEM32\CRYPTBASE.dll
0x00007fff6f550000 - 0x00007fff6f58a000 	C:\WINDOWS\SYSTEM32\IPHLPAPI.DLL
0x00007fff71630000 - 0x00007fff71638000 	C:\WINDOWS\System32\NSI.dll
0x00007fff6b790000 - 0x00007fff6b7a6000 	C:\WINDOWS\SYSTEM32\dhcpcsvc6.DLL
0x00007fff6b770000 - 0x00007fff6b78c000 	C:\WINDOWS\SYSTEM32\dhcpcsvc.DLL
0x00007fff6f590000 - 0x00007fff6f65b000 	C:\WINDOWS\SYSTEM32\DNSAPI.dll

VM Arguments:
jvm_args: -Xmx1536m -Dfile.encoding=windows-1252 -Duser.country=IN -Duser.language=en -Duser.variant 
java_command: org.gradle.launcher.daemon.bootstrap.GradleDaemon 4.10.1
java_class_path (initial): C:\Users\APOLLO\.gradle\wrapper\dists\gradle-4.10.1-all\455itskqi2qtf0v2sja68alqd\gradle-4.10.1\lib\gradle-launcher-4.10.1.jar
Launcher Type: SUN_STANDARD

Environment Variables:
PATH=C:\Users\APOLLO\AppData\Local\Android\Sdk\platform-tools;C:\WINDOWS\system32;C:\WINDOWS;C:\WINDOWS\System32\Wbem;C:\WINDOWS\System32\WindowsPowerShell\v1.0\;C:\WINDOWS\System32\OpenSSH\;C:\Program Files\Java\jdk1.8.0_201\bin;C:\Program Files\Microsoft SQL Server\Client SDK\ODBC\130\Tools\Binn\;C:\xampp\php;C:\composer;C:\ProgramData\chocolatey\bin;C:\Program Files\Git\cmd;C:\Program Files (x86)\git-cola\bin;C:\Program Files (x86)\git-cola\bin;C:\Program Files\dotnet\;C:\flutter_folder\flutter\bin;C:\Users\APOLLO\AppData\Local\Microsoft\WindowsApps;C:\Program Files\Java\jdk1.8.0_201\bin;C:\Users\APOLLO\AppData\Roaming\Composer\vendor\bin;C:\Users\APOLLO\.dotnet\tools;C:\flutter_folder\flutter\bin;
USERNAME=APOLLO
OS=Windows_NT
PROCESSOR_IDENTIFIER=Intel64 Family 6 Model 78 Stepping 3, GenuineIntel



---------------  S Y S T E M  ---------------

OS: Windows 10.0 , 64 bit Build 18362 (10.0.18362.1110)

CPU:total 4 (initial active 4) (2 cores per cpu, 2 threads per core) family 6 model 78 stepping 3, cmov, cx8, fxsr, mmx, sse, sse2, sse3, ssse3, sse4.1, sse4.2, popcnt, avx, avx2, aes, clmul, erms, 3dnowpref, lzcnt, ht, tsc, tscinvbit, bmi1, bmi2, adx

Memory: 4k page, physical 8277504k(960688k free), swap 14421504k(4136k free)

vm_info: OpenJDK 64-Bit Server VM (25.242-b01) for windows-amd64 JRE (1.8.0_242-release-1644-b01), built by "builder" with MS VC++ 10.0 (VS2010)

time: Tue Jan 05 14:25:19 2021
timezone: India Standard Time
elapsed time: 4 seconds (0d 0h 0m 4s)

