#
# There is insufficient memory for the Java Runtime Environment to continue.
# Native memory allocation (malloc) failed to allocate 955776 bytes for Chunk::new
# Possible reasons:
#   The system is out of physical RAM or swap space
#   The process is running with CompressedOops enabled, and the Java Heap may be blocking the growth of the native heap
# Possible solutions:
#   Reduce memory load on the system
#   Increase physical memory or swap space
#   Check if swap backing store is full
#   Decrease Java heap size (-Xmx/-Xms)
#   Decrease number of Java threads
#   Decrease Java thread stack sizes (-Xss)
#   Set larger code cache with -XX:ReservedCodeCacheSize=
#   JVM is running with Unscaled Compressed Oops mode in which the Java heap is
#     placed in the first 4GB address space. The Java Heap base address is the
#     maximum limit for the native heap growth. Please use -XX:HeapBaseMinAddress
#     to set the Java Heap base and to place the Java Heap above 4GB virtual address.
# This output file may be truncated or incomplete.
#
#  Out of Memory Error (allocation.cpp:389), pid=16228, tid=0x00000000000040ec
#
# JRE version: OpenJDK Runtime Environment (8.0_242-b01) (build 1.8.0_242-release-1644-b01)
# Java VM: OpenJDK 64-Bit Server VM (25.242-b01 mixed mode windows-amd64 compressed oops)
# Failed to write core dump. Minidumps are not enabled by default on client versions of Windows
#

---------------  T H R E A D  ---------------

Current thread (0x000000001640a000):  JavaThread "C2 CompilerThread1" daemon [_thread_in_native, id=16620, stack(0x0000000017b60000,0x0000000017c60000)]

Stack: [0x0000000017b60000,0x0000000017c60000]
[error occurred during error reporting (printing stack bounds), id 0xc0000005]

Native frames: (J=compiled Java code, j=interpreted, Vv=VM code, C=native code)


Current CompileTask:
C2:  12634 5117       4       java.net.URLClassLoader$1::run (5 bytes)


---------------  P R O C E S S  ---------------

Java Threads: ( => current thread )
  0x000000001b6da000 JavaThread "Build operations Thread 4" [_thread_blocked, id=9156, stack(0x0000000020900000,0x0000000020a00000)]
  0x000000001aea4000 JavaThread "Build operations Thread 3" [_thread_blocked, id=14388, stack(0x0000000020800000,0x0000000020900000)]
  0x000000001aeaa000 JavaThread "Build operations Thread 2" [_thread_blocked, id=8900, stack(0x000000001fe10000,0x000000001ff10000)]
  0x000000001aea8000 JavaThread "Build operations" [_thread_blocked, id=16464, stack(0x000000001e9c0000,0x000000001eac0000)]
  0x000000001aea8800 JavaThread "Cache worker for Artifact transforms cache (C:\Users\APOLLO\.gradle\caches\transforms-1)" [_thread_blocked, id=7968, stack(0x00000000200a0000,0x00000000201a0000)]
  0x000000001aea4800 JavaThread "Cache worker for cache directory md-rule (C:\Users\APOLLO\.gradle\caches\4.10.1\md-rule)" [_thread_blocked, id=5428, stack(0x000000001ffa0000,0x00000000200a0000)]
  0x000000001aea7000 JavaThread "Cache worker for cache directory md-supplier (C:\Users\APOLLO\.gradle\caches\4.10.1\md-supplier)" [_thread_blocked, id=14736, stack(0x000000001fd10000,0x000000001fe10000)]
  0x000000001aea6800 JavaThread "Cache worker for journal cache (C:\Users\APOLLO\.gradle\caches\journal-1)" [_thread_blocked, id=16340, stack(0x000000001d050000,0x000000001d150000)]
  0x000000001aea9800 JavaThread "Cache worker for file hash cache (D:\Mpos_Souurce_code_24_12_2020\Mpos_source_code_app\newChangesApolloPharmacist\.gradle\4.10.1\fileHashes)" [_thread_blocked, id=4028, stack(0x000000001cf50000,0x000000001d050000)]
  0x000000001b1df800 JavaThread "File lock request listener" [_thread_in_native, id=7352, stack(0x000000001be80000,0x000000001bf80000)]
  0x000000001ae7f800 JavaThread "Cache worker for file hash cache (C:\Users\APOLLO\.gradle\caches\4.10.1\fileHashes)" [_thread_blocked, id=4928, stack(0x000000001bd80000,0x000000001be80000)]
  0x0000000017ff0000 JavaThread "Stdin handler" [_thread_blocked, id=12768, stack(0x000000001aab0000,0x000000001abb0000)]
  0x00000000195c8800 JavaThread "Asynchronous log dispatcher for DefaultDaemonConnection: socket connection from /127.0.0.1:52268 to /127.0.0.1:52269" [_thread_blocked, id=9072, stack(0x000000001a9b0000,0x000000001aab0000)]
  0x00000000195ce800 JavaThread "Daemon worker" [_thread_in_native, id=14592, stack(0x000000001a8b0000,0x000000001a9b0000)]
  0x0000000019780000 JavaThread "Cancel handler" [_thread_blocked, id=3492, stack(0x000000001a7b0000,0x000000001a8b0000)]
  0x00000000180fb800 JavaThread "Handler for socket connection from /127.0.0.1:52268 to /127.0.0.1:52269" [_thread_in_native, id=10800, stack(0x000000001a4b0000,0x000000001a5b0000)]
  0x0000000018120800 JavaThread "Daemon" [_thread_blocked, id=6356, stack(0x000000001a3b0000,0x000000001a4b0000)]
  0x0000000018119800 JavaThread "Daemon periodic checks" [_thread_blocked, id=15856, stack(0x000000001a2b0000,0x000000001a3b0000)]
  0x0000000018119000 JavaThread "Incoming local TCP Connector on port 52268" [_thread_in_native, id=16132, stack(0x000000001a070000,0x000000001a170000)]
  0x0000000017d88800 JavaThread "Service Thread" daemon [_thread_blocked, id=11820, stack(0x0000000018160000,0x0000000018260000)]
  0x0000000016411000 JavaThread "C1 CompilerThread2" daemon [_thread_blocked, id=7696, stack(0x0000000017c60000,0x0000000017d60000)]
=>0x000000001640a000 JavaThread "C2 CompilerThread1" daemon [_thread_in_native, id=16620, stack(0x0000000017b60000,0x0000000017c60000)]
  0x0000000016401800 JavaThread "C2 CompilerThread0" daemon [_thread_in_native, id=12776, stack(0x0000000017a60000,0x0000000017b60000)]
  0x0000000016400800 JavaThread "Attach Listener" daemon [_thread_blocked, id=6296, stack(0x0000000017960000,0x0000000017a60000)]
  0x0000000016405000 JavaThread "Signal Dispatcher" daemon [_thread_blocked, id=16332, stack(0x0000000017860000,0x0000000017960000)]
  0x0000000002a8b000 JavaThread "Finalizer" daemon [_thread_blocked, id=8160, stack(0x0000000017660000,0x0000000017760000)]
  0x00000000163e9000 JavaThread "Reference Handler" daemon [_thread_blocked, id=16204, stack(0x0000000017560000,0x0000000017660000)]
  0x000000000298e800 JavaThread "main" [_thread_blocked, id=9732, stack(0x0000000002840000,0x0000000002940000)]

Other Threads:
  0x00000000163c7000 VMThread [stack: 0x0000000017460000,0x0000000017560000] [id=8728]
  0x000000001645d000 WatcherThread [stack: 0x0000000018260000,0x0000000018360000] [id=6764]

VM state:not at safepoint (normal execution)

VM Mutex/Monitor currently owned by a thread: None

heap address: 0x00000000a0000000, size: 1536 MB, Compressed Oops mode: 32-bit
Narrow klass base: 0x0000000000000000, Narrow klass shift: 3
Compressed class space size: 1073741824 Address: 0x0000000100000000

Heap:
 PSYoungGen      total 128000K, used 31045K [0x00000000e0000000, 0x00000000e9e80000, 0x0000000100000000)
  eden space 112128K, 13% used [0x00000000e0000000,0x00000000e0ed8a78,0x00000000e6d80000)
  from space 15872K, 99% used [0x00000000e8080000,0x00000000e8ff8bc8,0x00000000e9000000)
  to   space 19456K, 0% used [0x00000000e6d80000,0x00000000e6d80000,0x00000000e8080000)
 ParOldGen       total 100352K, used 23039K [0x00000000a0000000, 0x00000000a6200000, 0x00000000e0000000)
  object space 100352K, 22% used [0x00000000a0000000,0x00000000a167fc18,0x00000000a6200000)
 Metaspace       used 54265K, capacity 55450K, committed 55728K, reserved 1097728K
  class space    used 7377K, capacity 7745K, committed 7856K, reserved 1048576K

Card table byte_map: [0x0000000011e50000,0x0000000012160000] byte_map_base: 0x0000000011950000

Marking Bits: (ParMarkBitMap*) 0x0000000071cdf030
 Begin Bits: [0x0000000012760000, 0x0000000013f60000)
 End Bits:   [0x0000000013f60000, 0x0000000015760000)

Polling page: 0x0000000000ab0000

CodeCache: size=245760Kb used=15927Kb max_used=15938Kb free=229832Kb
 bounds [0x0000000002a90000, 0x0000000003a30000, 0x0000000011a90000]
 total_blobs=5510 nmethods=4732 adapters=690
 compilation: enabled

Compilation events (10 events):
Event: 12.618 Thread 0x0000000016411000 nmethod 5131 0x0000000003a18110 code [0x0000000003a18380, 0x0000000003a195d8]
Event: 12.618 Thread 0x0000000016411000 5133       3       org.gradle.internal.operations.DefaultBuildOperationExecutor$BuildOperationState::isRunning (8 bytes)
Event: 12.618 Thread 0x0000000016411000 nmethod 5133 0x0000000003a17c50 code [0x0000000003a17dc0, 0x0000000003a18050]
Event: 12.618 Thread 0x0000000016411000 5132       3       org.gradle.internal.operations.DefaultBuildOperationExecutor::setCurrentBuildOperation (9 bytes)
Event: 12.618 Thread 0x0000000016411000 nmethod 5132 0x0000000003a16dd0 code [0x0000000003a16fc0, 0x0000000003a17828]
Event: 12.626 Thread 0x0000000016411000 5134       3       org.gradle.api.internal.file.AbstractFileCollection::<init> (5 bytes)
Event: 12.626 Thread 0x0000000016411000 nmethod 5134 0x0000000003a16a10 code [0x0000000003a16b60, 0x0000000003a16d10]
Event: 12.626 Thread 0x0000000016401800 5135       4       java.lang.StringBuilder::append (10 bytes)
Event: 12.628 Thread 0x0000000016411000 5136       3       org.gradle.api.internal.DefaultDomainObjectCollection::assertMutable (9 bytes)
Event: 12.628 Thread 0x0000000016411000 nmethod 5136 0x0000000003a165d0 code [0x0000000003a16740, 0x0000000003a16968]

GC Heap History (10 events):
Event: 8.285 GC heap before
{Heap before GC invocations=10 (full 1):
 PSYoungGen      total 86016K, used 40429K [0x00000000e0000000, 0x00000000e6e80000, 0x0000000100000000)
  eden space 75264K, 41% used [0x00000000e0000000,0x00000000e1e9b7f0,0x00000000e4980000)
  from space 10752K, 84% used [0x00000000e5480000,0x00000000e5d5fd50,0x00000000e5f00000)
  to   space 11264K, 0% used [0x00000000e4980000,0x00000000e4980000,0x00000000e5480000)
 ParOldGen       total 64512K, used 9822K [0x00000000a0000000, 0x00000000a3f00000, 0x00000000e0000000)
  object space 64512K, 15% used [0x00000000a0000000,0x00000000a0997a18,0x00000000a3f00000)
 Metaspace       used 34763K, capacity 35370K, committed 35496K, reserved 1079296K
  class space    used 4861K, capacity 5087K, committed 5168K, reserved 1048576K
Event: 8.303 GC heap after
Heap after GC invocations=10 (full 1):
 PSYoungGen      total 86528K, used 10137K [0x00000000e0000000, 0x00000000e7a80000, 0x0000000100000000)
  eden space 75264K, 0% used [0x00000000e0000000,0x00000000e0000000,0x00000000e4980000)
  from space 11264K, 90% used [0x00000000e4980000,0x00000000e5366718,0x00000000e5480000)
  to   space 12288K, 0% used [0x00000000e6e80000,0x00000000e6e80000,0x00000000e7a80000)
 ParOldGen       total 64512K, used 9830K [0x00000000a0000000, 0x00000000a3f00000, 0x00000000e0000000)
  object space 64512K, 15% used [0x00000000a0000000,0x00000000a0999a18,0x00000000a3f00000)
 Metaspace       used 34763K, capacity 35370K, committed 35496K, reserved 1079296K
  class space    used 4861K, capacity 5087K, committed 5168K, reserved 1048576K
}
Event: 8.303 GC heap before
{Heap before GC invocations=11 (full 2):
 PSYoungGen      total 86528K, used 10137K [0x00000000e0000000, 0x00000000e7a80000, 0x0000000100000000)
  eden space 75264K, 0% used [0x00000000e0000000,0x00000000e0000000,0x00000000e4980000)
  from space 11264K, 90% used [0x00000000e4980000,0x00000000e5366718,0x00000000e5480000)
  to   space 12288K, 0% used [0x00000000e6e80000,0x00000000e6e80000,0x00000000e7a80000)
 ParOldGen       total 64512K, used 9830K [0x00000000a0000000, 0x00000000a3f00000, 0x00000000e0000000)
  object space 64512K, 15% used [0x00000000a0000000,0x00000000a0999a18,0x00000000a3f00000)
 Metaspace       used 34763K, capacity 35370K, committed 35496K, reserved 1079296K
  class space    used 4861K, capacity 5087K, committed 5168K, reserved 1048576K
Event: 8.432 GC heap after
Heap after GC invocations=11 (full 2):
 PSYoungGen      total 86528K, used 0K [0x00000000e0000000, 0x00000000e7a80000, 0x0000000100000000)
  eden space 75264K, 0% used [0x00000000e0000000,0x00000000e0000000,0x00000000e4980000)
  from space 11264K, 0% used [0x00000000e4980000,0x00000000e4980000,0x00000000e5480000)
  to   space 12288K, 0% used [0x00000000e6e80000,0x00000000e6e80000,0x00000000e7a80000)
 ParOldGen       total 100352K, used 16912K [0x00000000a0000000, 0x00000000a6200000, 0x00000000e0000000)
  object space 100352K, 16% used [0x00000000a0000000,0x00000000a1084240,0x00000000a6200000)
 Metaspace       used 34763K, capacity 35370K, committed 35496K, reserved 1079296K
  class space    used 4861K, capacity 5087K, committed 5168K, reserved 1048576K
}
Event: 9.780 GC heap before
{Heap before GC invocations=12 (full 2):
 PSYoungGen      total 86528K, used 75264K [0x00000000e0000000, 0x00000000e7a80000, 0x0000000100000000)
  eden space 75264K, 100% used [0x00000000e0000000,0x00000000e4980000,0x00000000e4980000)
  from space 11264K, 0% used [0x00000000e4980000,0x00000000e4980000,0x00000000e5480000)
  to   space 12288K, 0% used [0x00000000e6e80000,0x00000000e6e80000,0x00000000e7a80000)
 ParOldGen       total 100352K, used 16912K [0x00000000a0000000, 0x00000000a6200000, 0x00000000e0000000)
  object space 100352K, 16% used [0x00000000a0000000,0x00000000a1084240,0x00000000a6200000)
 Metaspace       used 41915K, capacity 42640K, committed 42928K, reserved 1085440K
  class space    used 5679K, capacity 5940K, committed 6064K, reserved 1048576K
Event: 9.796 GC heap after
Heap after GC invocations=12 (full 2):
 PSYoungGen      total 105472K, used 11974K [0x00000000e0000000, 0x00000000e7a80000, 0x0000000100000000)
  eden space 93184K, 0% used [0x00000000e0000000,0x00000000e0000000,0x00000000e5b00000)
  from space 12288K, 97% used [0x00000000e6e80000,0x00000000e7a319a8,0x00000000e7a80000)
  to   space 13824K, 0% used [0x00000000e5f80000,0x00000000e5f80000,0x00000000e6d00000)
 ParOldGen       total 100352K, used 16920K [0x00000000a0000000, 0x00000000a6200000, 0x00000000e0000000)
  object space 100352K, 16% used [0x00000000a0000000,0x00000000a1086240,0x00000000a6200000)
 Metaspace       used 41915K, capacity 42640K, committed 42928K, reserved 1085440K
  class space    used 5679K, capacity 5940K, committed 6064K, reserved 1048576K
}
Event: 11.161 GC heap before
{Heap before GC invocations=13 (full 2):
 PSYoungGen      total 105472K, used 105158K [0x00000000e0000000, 0x00000000e7a80000, 0x0000000100000000)
  eden space 93184K, 100% used [0x00000000e0000000,0x00000000e5b00000,0x00000000e5b00000)
  from space 12288K, 97% used [0x00000000e6e80000,0x00000000e7a319a8,0x00000000e7a80000)
  to   space 13824K, 0% used [0x00000000e5f80000,0x00000000e5f80000,0x00000000e6d00000)
 ParOldGen       total 100352K, used 16920K [0x00000000a0000000, 0x00000000a6200000, 0x00000000e0000000)
  object space 100352K, 16% used [0x00000000a0000000,0x00000000a1086240,0x00000000a6200000)
 Metaspace       used 48506K, capacity 49532K, committed 49840K, reserved 1091584K
  class space    used 6616K, capacity 6962K, committed 7088K, reserved 1048576K
Event: 11.190 GC heap after
Heap after GC invocations=13 (full 2):
 PSYoungGen      total 111616K, used 13805K [0x00000000e0000000, 0x00000000e9000000, 0x0000000100000000)
  eden space 97792K, 0% used [0x00000000e0000000,0x00000000e0000000,0x00000000e5f80000)
  from space 13824K, 99% used [0x00000000e5f80000,0x00000000e6cfb690,0x00000000e6d00000)
  to   space 15872K, 0% used [0x00000000e8080000,0x00000000e8080000,0x00000000e9000000)
 ParOldGen       total 100352K, used 18624K [0x00000000a0000000, 0x00000000a6200000, 0x00000000e0000000)
  object space 100352K, 18% used [0x00000000a0000000,0x00000000a1230268,0x00000000a6200000)
 Metaspace       used 48506K, capacity 49532K, committed 49840K, reserved 1091584K
  class space    used 6616K, capacity 6962K, committed 7088K, reserved 1048576K
}
Event: 12.453 GC heap before
{Heap before GC invocations=14 (full 2):
 PSYoungGen      total 111616K, used 111597K [0x00000000e0000000, 0x00000000e9000000, 0x0000000100000000)
  eden space 97792K, 100% used [0x00000000e0000000,0x00000000e5f80000,0x00000000e5f80000)
  from space 13824K, 99% used [0x00000000e5f80000,0x00000000e6cfb690,0x00000000e6d00000)
  to   space 15872K, 0% used [0x00000000e8080000,0x00000000e8080000,0x00000000e9000000)
 ParOldGen       total 100352K, used 18624K [0x00000000a0000000, 0x00000000a6200000, 0x00000000e0000000)
  object space 100352K, 18% used [0x00000000a0000000,0x00000000a1230268,0x00000000a6200000)
 Metaspace       used 53199K, capacity 54462K, committed 54832K, reserved 1095680K
  class space    used 7213K, capacity 7609K, committed 7728K, reserved 1048576K
Event: 12.491 GC heap after
Heap after GC invocations=14 (full 2):
 PSYoungGen      total 128000K, used 15842K [0x00000000e0000000, 0x00000000e9e80000, 0x0000000100000000)
  eden space 112128K, 0% used [0x00000000e0000000,0x00000000e0000000,0x00000000e6d80000)
  from space 15872K, 99% used [0x00000000e8080000,0x00000000e8ff8bc8,0x00000000e9000000)
  to   space 19456K, 0% used [0x00000000e6d80000,0x00000000e6d80000,0x00000000e8080000)
 ParOldGen       total 100352K, used 23039K [0x00000000a0000000, 0x00000000a6200000, 0x00000000e0000000)
  object space 100352K, 22% used [0x00000000a0000000,0x00000000a167fc18,0x00000000a6200000)
 Metaspace       used 53199K, capacity 54462K, committed 54832K, reserved 1095680K
  class space    used 7213K, capacity 7609K, committed 7728K, reserved 1048576K
}

Deoptimization events (10 events):
Event: 10.901 Thread 0x00000000195ce800 Uncommon trap: reason=unstable_if action=reinterpret pc=0x000000000305c814 method=java.io.DataInputStream.readUTF(Ljava/io/DataInput;)Ljava/lang/String; @ 31
Event: 11.021 Thread 0x00000000195ce800 Uncommon trap: reason=unstable_if action=reinterpret pc=0x000000000305e1ac method=java.util.WeakHashMap.remove(Ljava/lang/Object;)Ljava/lang/Object; @ 94
Event: 11.092 Thread 0x00000000195ce800 Uncommon trap: reason=unstable_if action=reinterpret pc=0x00000000030bd228 method=java.util.regex.Pattern$BmpCharProperty.match(Ljava/util/regex/Matcher;ILjava/lang/CharSequence;)Z @ 34
Event: 11.198 Thread 0x00000000195ce800 Uncommon trap: reason=unstable_if action=reinterpret pc=0x0000000003234668 method=java.lang.CharacterDataLatin1.digit(II)I @ 31
Event: 11.250 Thread 0x00000000195ce800 Uncommon trap: reason=unstable_if action=reinterpret pc=0x0000000002daf8f8 method=java.util.regex.Pattern$BitClass.isSatisfiedBy(I)Z @ 4
Event: 11.250 Thread 0x00000000195ce800 Uncommon trap: reason=unstable_if action=reinterpret pc=0x00000000037c428c method=java.util.regex.Pattern$Ctype.isSatisfiedBy(I)Z @ 4
Event: 11.702 Thread 0x00000000195ce800 Uncommon trap: reason=unstable_if action=reinterpret pc=0x00000000030d45f4 method=com.sun.org.apache.xerces.internal.impl.XMLEntityScanner.checkBeforeLoad(Lcom/sun/xml/internal/stream/Entity$ScannedEntity;II)I @ 18
Event: 11.716 Thread 0x00000000195ce800 Uncommon trap: reason=unstable_if action=reinterpret pc=0x00000000030f90e4 method=com.sun.org.apache.xerces.internal.impl.XMLEntityScanner.scanContent(Lcom/sun/org/apache/xerces/internal/xni/XMLString;)I @ 44
Event: 11.905 Thread 0x00000000195ce800 Uncommon trap: reason=unstable_if action=reinterpret pc=0x0000000003614ab0 method=java.util.TreeMap.put(Ljava/lang/Object;Ljava/lang/Object;)Ljava/lang/Object; @ 163
Event: 12.125 Thread 0x00000000195ce800 Uncommon trap: reason=unstable_if action=reinterpret pc=0x000000000307d724 method=java.lang.String.lastIndexOf([CII[CIII)I @ 17

Classes redefined (0 events):
No events

Internal exceptions (10 events):
Event: 11.672 Thread 0x00000000195ce800 Exception <a 'sun/nio/fs/WindowsException'> (0x00000000e33b5300) thrown at [C:\src\AOSP-openjdk-git\hotspot\src\share\vm\prims\jni.cpp, line 710]
Event: 11.672 Thread 0x00000000195ce800 Exception <a 'sun/nio/fs/WindowsException'> (0x00000000e33b84e0) thrown at [C:\src\AOSP-openjdk-git\hotspot\src\share\vm\prims\jni.cpp, line 710]
Event: 11.672 Thread 0x00000000195ce800 Exception <a 'sun/nio/fs/WindowsException'> (0x00000000e33b8ee0) thrown at [C:\src\AOSP-openjdk-git\hotspot\src\share\vm\prims\jni.cpp, line 710]
Event: 11.672 Thread 0x00000000195ce800 Exception <a 'sun/nio/fs/WindowsException'> (0x00000000e33bb1a0) thrown at [C:\src\AOSP-openjdk-git\hotspot\src\share\vm\prims\jni.cpp, line 710]
Event: 11.672 Thread 0x00000000195ce800 Exception <a 'sun/nio/fs/WindowsException'> (0x00000000e33bbba0) thrown at [C:\src\AOSP-openjdk-git\hotspot\src\share\vm\prims\jni.cpp, line 710]
Event: 11.757 Thread 0x00000000195ce800 Exception <a 'java/lang/NoSuchMethodError': java.lang.Object.lambda$comparing$77a9974f$1(Ljava/util/function/Function;Ljava/lang/Object;Ljava/lang/Object;)I> (0x00000000e357fe18) thrown at [C:\src\AOSP-openjdk-git\hotspot\src\share\vm\interpreter\linkReso
Event: 11.759 Thread 0x00000000195ce800 Exception <a 'java/lang/NoSuchMethodError': java.lang.Object.lambda$thenComparing$36697e65$1(Ljava/util/Comparator;Ljava/lang/Object;Ljava/lang/Object;)I> (0x00000000e358b688) thrown at [C:\src\AOSP-openjdk-git\hotspot\src\share\vm\interpreter\linkResolve
Event: 11.793 Thread 0x00000000195ce800 Exception <a 'java/lang/NoSuchMethodError': java.lang.Object.lambda$maxBy$1(Ljava/util/Comparator;Ljava/lang/Object;Ljava/lang/Object;)Ljava/lang/Object;> (0x00000000e36fe470) thrown at [C:\src\AOSP-openjdk-git\hotspot\src\share\vm\interpreter\linkResolve
Event: 11.955 Thread 0x00000000195ce800 Exception <a 'java/lang/ClassNotFoundException': org/gradle/api/plugins/BasePluginConventionBeanInfo> (0x00000000e3e17e28) thrown at [C:\src\AOSP-openjdk-git\hotspot\src\share\vm\classfile\systemDictionary.cpp, line 210]
Event: 11.956 Thread 0x00000000195ce800 Exception <a 'java/lang/ClassNotFoundException': org/gradle/api/plugins/BasePluginConventionCustomizer> (0x00000000e3e3eda0) thrown at [C:\src\AOSP-openjdk-git\hotspot\src\share\vm\classfile\systemDictionary.cpp, line 210]

Events (10 events):
Event: 12.625 loading class org/gradle/tooling/GradleConnectionException
Event: 12.625 loading class org/gradle/tooling/GradleConnectionException done
Event: 12.626 loading class com/android/build/gradle/internal/res/LinkAndroidResForBundleTask
Event: 12.626 loading class com/android/build/gradle/internal/res/LinkAndroidResForBundleTask done
Event: 12.628 loading class com/android/build/gradle/internal/tasks/ProcessJavaResTask
Event: 12.628 loading class com/android/build/gradle/internal/tasks/ProcessJavaResTask done
Event: 12.630 loading class org/gradle/api/tasks/Sync
Event: 12.630 loading class org/gradle/api/tasks/Sync done
Event: 12.630 loading class org/gradle/api/tasks/Sync
Event: 12.630 loading class org/gradle/api/tasks/Sync done


Dynamic libraries:
0x00007ff68ca30000 - 0x00007ff68ca61000 	C:\Program Files\Android\Android Studio1\jre\bin\java.exe
0x00007fff73580000 - 0x00007fff73770000 	C:\WINDOWS\SYSTEM32\ntdll.dll
0x00007fff73090000 - 0x00007fff73142000 	C:\WINDOWS\System32\KERNEL32.DLL
0x00007fff70960000 - 0x00007fff70c05000 	C:\WINDOWS\System32\KERNELBASE.dll
0x00007fff717d0000 - 0x00007fff71873000 	C:\WINDOWS\System32\ADVAPI32.dll
0x00007fff719e0000 - 0x00007fff71a7e000 	C:\WINDOWS\System32\msvcrt.dll
0x00007fff72b80000 - 0x00007fff72c17000 	C:\WINDOWS\System32\sechost.dll
0x00007fff71640000 - 0x00007fff71760000 	C:\WINDOWS\System32\RPCRT4.dll
0x00007fff729e0000 - 0x00007fff72b74000 	C:\WINDOWS\System32\USER32.dll
0x00007fff70540000 - 0x00007fff70561000 	C:\WINDOWS\System32\win32u.dll
0x00007fff72470000 - 0x00007fff72496000 	C:\WINDOWS\System32\GDI32.dll
0x00007fff70570000 - 0x00007fff70706000 	C:\WINDOWS\System32\gdi32full.dll
0x00007fff708c0000 - 0x00007fff7095e000 	C:\WINDOWS\System32\msvcp_win.dll
0x00007fff70710000 - 0x00007fff7080a000 	C:\WINDOWS\System32\ucrtbase.dll
0x00007fff6f1c0000 - 0x00007fff6f444000 	C:\WINDOWS\WinSxS\amd64_microsoft.windows.common-controls_6595b64144ccf1df_6.0.18362.1256_none_9e7e379be45e40e2\COMCTL32.dll
0x00007fff73150000 - 0x00007fff73486000 	C:\WINDOWS\System32\combase.dll
0x00007fff70830000 - 0x00007fff708b1000 	C:\WINDOWS\System32\bcryptPrimitives.dll
0x00007fff729b0000 - 0x00007fff729de000 	C:\WINDOWS\System32\IMM32.DLL
0x00000000727d0000 - 0x00000000728a2000 	C:\Program Files\Android\Android Studio1\jre\jre\bin\msvcr100.dll
0x0000000071510000 - 0x0000000071d5b000 	C:\Program Files\Android\Android Studio1\jre\jre\bin\server\jvm.dll
0x00007fff71760000 - 0x00007fff71768000 	C:\WINDOWS\System32\PSAPI.DLL
0x00007fff5f900000 - 0x00007fff5f90a000 	C:\WINDOWS\SYSTEM32\VERSION.dll
0x00007fff6c1e0000 - 0x00007fff6c204000 	C:\WINDOWS\SYSTEM32\WINMM.dll
0x00007fff6e740000 - 0x00007fff6e749000 	C:\WINDOWS\SYSTEM32\WSOCK32.dll
0x00007fff71a80000 - 0x00007fff71aef000 	C:\WINDOWS\System32\WS2_32.dll
0x00007fff6c1b0000 - 0x00007fff6c1dd000 	C:\WINDOWS\SYSTEM32\WINMMBASE.dll
0x00007fff704f0000 - 0x00007fff7053a000 	C:\WINDOWS\System32\cfgmgr32.dll
0x00007fff6e620000 - 0x00007fff6e62f000 	C:\Program Files\Android\Android Studio1\jre\jre\bin\verify.dll
0x00007fff6e550000 - 0x00007fff6e579000 	C:\Program Files\Android\Android Studio1\jre\jre\bin\java.dll
0x00007fff6e4a0000 - 0x00007fff6e4b6000 	C:\Program Files\Android\Android Studio1\jre\jre\bin\zip.dll
0x00007fff71d80000 - 0x00007fff72467000 	C:\WINDOWS\System32\SHELL32.dll
0x00007fff725e0000 - 0x00007fff72689000 	C:\WINDOWS\System32\shcore.dll
0x00007fff70c10000 - 0x00007fff71391000 	C:\WINDOWS\System32\windows.storage.dll
0x00007fff704c0000 - 0x00007fff704e3000 	C:\WINDOWS\System32\profapi.dll
0x00007fff70450000 - 0x00007fff7049a000 	C:\WINDOWS\System32\powrprof.dll
0x00007fff70420000 - 0x00007fff70430000 	C:\WINDOWS\System32\UMPDC.dll
0x00007fff727d0000 - 0x00007fff72822000 	C:\WINDOWS\System32\shlwapi.dll
0x00007fff70430000 - 0x00007fff70441000 	C:\WINDOWS\System32\kernel.appcore.dll
0x00007fff70810000 - 0x00007fff70827000 	C:\WINDOWS\System32\cryptsp.dll
0x00007fff6e160000 - 0x00007fff6e17a000 	C:\Program Files\Android\Android Studio1\jre\jre\bin\net.dll
0x00007fff6f840000 - 0x00007fff6f8a7000 	C:\WINDOWS\system32\mswsock.dll
0x00007fff6d7d0000 - 0x00007fff6d7e3000 	C:\Program Files\Android\Android Studio1\jre\jre\bin\nio.dll
0x00007fff6e4d0000 - 0x00007fff6e4ee000 	C:\Users\APOLLO\.gradle\native\25\windows-amd64\native-platform.dll
0x00007fff6e530000 - 0x00007fff6e53d000 	C:\Program Files\Android\Android Studio1\jre\jre\bin\management.dll
0x00007fff6f120000 - 0x00007fff6f153000 	C:\WINDOWS\system32\rsaenh.dll
0x00007fff71600000 - 0x00007fff71626000 	C:\WINDOWS\System32\bcrypt.dll
0x00007fff70340000 - 0x00007fff70365000 	C:\WINDOWS\SYSTEM32\USERENV.dll
0x00007fff6fa10000 - 0x00007fff6fa1c000 	C:\WINDOWS\SYSTEM32\CRYPTBASE.dll
0x00007fff6f550000 - 0x00007fff6f58a000 	C:\WINDOWS\SYSTEM32\IPHLPAPI.DLL
0x00007fff71630000 - 0x00007fff71638000 	C:\WINDOWS\System32\NSI.dll
0x00007fff6b790000 - 0x00007fff6b7a6000 	C:\WINDOWS\SYSTEM32\dhcpcsvc6.DLL
0x00007fff6b770000 - 0x00007fff6b78c000 	C:\WINDOWS\SYSTEM32\dhcpcsvc.DLL
0x00007fff6f590000 - 0x00007fff6f65b000 	C:\WINDOWS\SYSTEM32\DNSAPI.dll

VM Arguments:
jvm_args: -Xmx1536m -Dfile.encoding=windows-1252 -Duser.country=IN -Duser.language=en -Duser.variant 
java_command: org.gradle.launcher.daemon.bootstrap.GradleDaemon 4.10.1
java_class_path (initial): C:\Users\APOLLO\.gradle\wrapper\dists\gradle-4.10.1-all\455itskqi2qtf0v2sja68alqd\gradle-4.10.1\lib\gradle-launcher-4.10.1.jar
Launcher Type: SUN_STANDARD

Environment Variables:
PATH=C:\Users\APOLLO\AppData\Local\Android\Sdk\platform-tools;C:\WINDOWS\system32;C:\WINDOWS;C:\WINDOWS\System32\Wbem;C:\WINDOWS\System32\WindowsPowerShell\v1.0\;C:\WINDOWS\System32\OpenSSH\;C:\Program Files\Java\jdk1.8.0_201\bin;C:\Program Files\Microsoft SQL Server\Client SDK\ODBC\130\Tools\Binn\;C:\xampp\php;C:\composer;C:\ProgramData\chocolatey\bin;C:\Program Files\Git\cmd;C:\Program Files (x86)\git-cola\bin;C:\Program Files (x86)\git-cola\bin;C:\Program Files\dotnet\;C:\flutter_folder\flutter\bin;C:\Users\APOLLO\AppData\Local\Microsoft\WindowsApps;C:\Program Files\Java\jdk1.8.0_201\bin;C:\Users\APOLLO\AppData\Roaming\Composer\vendor\bin;C:\Users\APOLLO\.dotnet\tools;C:\flutter_folder\flutter\bin;
USERNAME=APOLLO
OS=Windows_NT
PROCESSOR_IDENTIFIER=Intel64 Family 6 Model 78 Stepping 3, GenuineIntel



---------------  S Y S T E M  ---------------

OS: Windows 10.0 , 64 bit Build 18362 (10.0.18362.1110)

CPU:total 4 (initial active 4) (2 cores per cpu, 2 threads per core) family 6 model 78 stepping 3, cmov, cx8, fxsr, mmx, sse, sse2, sse3, ssse3, sse4.1, sse4.2, popcnt, avx, avx2, aes, clmul, erms, 3dnowpref, lzcnt, ht, tsc, tscinvbit, bmi1, bmi2, adx

Memory: 4k page, physical 8277504k(874708k free), swap 14421504k(5124k free)

vm_info: OpenJDK 64-Bit Server VM (25.242-b01) for windows-amd64 JRE (1.8.0_242-release-1644-b01), built by "builder" with MS VC++ 10.0 (VS2010)

time: Tue Jan 05 14:28:15 2021
timezone: India Standard Time
elapsed time: 12 seconds (0d 0h 0m 12s)

